app/build/outputs/logs/manifest-merger-debug-report.txt
-- Merging decision tree log ---
manifest
ADDED from src\main\AndroidManifest.xml:2:1-71:12
	xmlns:android
		ADDED from src\main\AndroidManifest.xml:2:11-69
	package
		ADDED from src\main\AndroidManifest.xml:3:5-39
		INJECTED from src\main\AndroidManifest.xml
		INJECTED from src\main\AndroidManifest.xml
	android:versionName
		ADDED from src\main\AndroidManifest.xml:5:5-30
		INJECTED from src\main\AndroidManifest.xml
		INJECTED from src\main\AndroidManifest.xml
	android:versionCode
		ADDED from src\main\AndroidManifest.xml:4:5-28
		INJECTED from src\main\AndroidManifest.xml
		INJECTED from src\main\AndroidManifest.xml
uses-sdk
ADDED from src\main\AndroidManifest.xml:7:5-9:41
	android:targetSdkVersion
		ADDED from src\main\AndroidManifest.xml:9:9-38
		INJECTED from src\main\AndroidManifest.xml
		INJECTED from src\main\AndroidManifest.xml
	android:minSdkVersion
		ADDED from src\main\AndroidManifest.xml:8:9-34
		INJECTED from src\main\AndroidManifest.xml
		INJECTED from src\main\AndroidManifest.xml
uses-permission#android.permission.RECEIVE_BOOT_COMPLETED
ADDED from src\main\AndroidManifest.xml:11:5-81
	android:name
		ADDED from src\main\AndroidManifest.xml:11:22-78
application
ADDED from src\main\AndroidManifest.xml:13:5-69:19
	android:label
		ADDED from src\main\AndroidManifest.xml:16:9-41
	android:allowBackup
		ADDED from src\main\AndroidManifest.xml:14:9-35
	android:icon
		ADDED from src\main\AndroidManifest.xml:15:9-45
	android:theme
		ADDED from src\main\AndroidManifest.xml:17:9-40
activity#com.gyoliver.couponalert.FrontPage
ADDED from src\main\AndroidManifest.xml:18:9-25:20
	android:label
		ADDED from src\main\AndroidManifest.xml:20:13-45
	android:name
		ADDED from src\main\AndroidManifest.xml:19:13-62
intent-filter#android.intent.action.MAIN+android.intent.category.LAUNCHER
ADDED from src\main\AndroidManifest.xml:21:13-24:29
action#android.intent.action.MAIN
ADDED from src\main\AndroidManifest.xml:22:17-69
	android:name
		ADDED from src\main\AndroidManifest.xml:22:25-66
category#android.intent.category.LAUNCHER
ADDED from src\main\AndroidManifest.xml:23:17-77
	android:name
		ADDED from src\main\AndroidManifest.xml:23:27-74
activity#com.gyoliver.couponalert.NewCoupon
ADDED from src\main\AndroidManifest.xml:26:9-29:20
	android:label
		ADDED from src\main\AndroidManifest.xml:28:13-62
	android:name
		ADDED from src\main\AndroidManifest.xml:27:13-62
activity#com.gyoliver.couponalert.ViewEdit
ADDED from src\main\AndroidManifest.xml:30:9-33:20
	android:label
		ADDED from src\main\AndroidManifest.xml:32:13-61
	android:name
		ADDED from src\main\AndroidManifest.xml:31:13-61
activity#com.gyoliver.couponalert.EditCoupon
ADDED from src\main\AndroidManifest.xml:34:9-37:20
	android:label
		ADDED from src\main\AndroidManifest.xml:36:13-63
	android:name
		ADDED from src\main\AndroidManifest.xml:35:13-63
activity#com.gyoliver.couponalert.Help
ADDED from src\main\AndroidManifest.xml:38:9-42:20
	android:label
		ADDED from src\main\AndroidManifest.xml:40:13-56
	android:theme
		ADDED from src\main\AndroidManifest.xml:41:13-47
	android:name
		ADDED from src\main\AndroidManifest.xml:39:13-57
activity#com.gyoliver.couponalert.HelpQuickStart
ADDED from src\main\AndroidManifest.xml:43:9-76
	android:name
		ADDED from src\main\AndroidManifest.xml:43:19-73
activity#com.gyoliver.couponalert.HelpGeneral
ADDED from src\main\AndroidManifest.xml:44:9-73
	android:name
		ADDED from src\main\AndroidManifest.xml:44:19-70
activity#com.gyoliver.couponalert.HelpScreenshots
ADDED from src\main\AndroidManifest.xml:45:9-77
	android:name
		ADDED from src\main\AndroidManifest.xml:45:19-74
receiver#com.gyoliver.couponalert.AlarmReceiver
ADDED from src\main\AndroidManifest.xml:48:9-55:17
	android:label
		ADDED from src\main\AndroidManifest.xml:51:10-39
	android:exported
		ADDED from src\main\AndroidManifest.xml:50:10-33
	android:enabled
		ADDED from src\main\AndroidManifest.xml:49:10-32
	android:name
		ADDED from src\main\AndroidManifest.xml:48:19-72
intent-filter#com.example.couponhelper.COUPON_CREATED
ADDED from src\main\AndroidManifest.xml:52:10-54:26
action#com.example.couponhelper.COUPON_CREATED
ADDED from src\main\AndroidManifest.xml:53:14-79
	android:name
		ADDED from src\main\AndroidManifest.xml:53:22-76
receiver#com.gyoliver.couponalert.BootReceiver
ADDED from src\main\AndroidManifest.xml:57:9-65:17
	android:label
		ADDED from src\main\AndroidManifest.xml:60:10-38
	android:exported
		ADDED from src\main\AndroidManifest.xml:59:10-33
	android:enabled
		ADDED from src\main\AndroidManifest.xml:58:10-32
	android:name
		ADDED from src\main\AndroidManifest.xml:57:19-71
intent-filter#android.intent.action.BOOT_COMPLETED+android.intent.category.DEFAULT
ADDED from src\main\AndroidManifest.xml:61:10-64:26
action#android.intent.action.BOOT_COMPLETED
ADDED from src\main\AndroidManifest.xml:62:14-75
	android:name
		ADDED from src\main\AndroidManifest.xml:62:22-73
category#android.intent.category.DEFAULT
ADDED from src\main\AndroidManifest.xml:63:14-73
	android:name
		ADDED from src\main\AndroidManifest.xml:63:24-70